2025-04-27 14:09:05,476 - pyswarms.single.global_best - INFO - Optimize for 200 iters with {'c1': 0.5, 'c2': 0.3, 'w': 0.9}
2025-04-27 14:09:05,675 - pyswarms.single.global_best - INFO - Optimization finished | best cost: 1.3275200975661537e-11, best pos: [3.63289980e-06 2.77920855e-07]
2025-04-27 14:22:09,164 - pyswarms.single.global_best - INFO - Optimize for 1000 iters with {'c1': 0.5, 'c2': 0.3, 'w': 0.9}
2025-04-27 14:22:10,159 - pyswarms.single.global_best - INFO - Optimization finished | best cost: 2.030715542608047, best pos: [1.00313936 1.01213979]
2025-04-27 14:28:14,980 - pyswarms.single.global_best - INFO - Optimize for 1000 iters with {'c1': 0.5, 'c2': 0.3, 'w': 0.9}
2025-04-27 14:28:15,912 - pyswarms.single.global_best - INFO - Optimization finished | best cost: -2.7963223683808343, best pos: [0.8925235  0.82601577 0.9996783  0.96491408 0.574729   0.35742626]
2025-04-27 14:31:00,233 - pyswarms.single.global_best - INFO - Optimize for 1000 iters with {'c1': 0.5, 'c2': 0.3, 'w': 0.9}
2025-04-27 14:31:01,479 - pyswarms.single.global_best - INFO - Optimization finished | best cost: -2.8127758706671324, best pos: [0.52917811 0.55157827 0.99653964 0.99236077 0.47242603 0.40555753]
2025-04-27 14:31:17,768 - pyswarms.single.global_best - INFO - Optimize for 1000 iters with {'c1': 0.5, 'c2': 0.3, 'w': 0.9}
2025-04-27 14:31:19,427 - pyswarms.single.global_best - INFO - Optimization finished | best cost: -2.8011119066650356, best pos: [0.46325797 0.48402345 0.9641183  0.99624523 0.4910643  0.36025635]
2025-05-13 11:52:18,732 - pyswarms.single.global_best - INFO - Optimize for 1000 iters with {'c1': 0.5, 'c2': 0.3, 'w': 0.9}
2025-05-13 11:52:19,216 - pyswarms.single.global_best - INFO - Optimization finished | best cost: -2.813547183627229, best pos: [0.48530191 0.45137955 0.98781914 0.98471441 0.45875902 0.34386975]
2025-05-13 12:10:23,270 - pyswarms.single.global_best - INFO - Optimize for 1000 iters with {'c1': 0.5, 'c2': 0.3, 'w': 0.9}
2025-05-13 12:10:23,732 - pyswarms.single.global_best - INFO - Optimization finished | best cost: -2.814973245184343, best pos: [0.64057371 0.60284501 0.96491569 0.9880772  0.35260258 0.07693214]
2025-05-20 12:37:41,817 - pyswarms.single.global_best - INFO - Optimize for 1000 iters with {'c1': 0.5, 'c2': 0.3, 'w': 0.9}
2025-05-20 12:37:42,725 - pyswarms.single.global_best - INFO - Optimization finished | best cost: -2.816456731063769, best pos: [0.47935077 0.45071009 0.96628133 0.99327729 0.20980286 0.32970478]
2025-05-20 13:06:01,227 - pyswarms.single.global_best - INFO - Optimize for 1000 iters with {'c1': 0.5, 'c2': 0.3, 'w': 0.9}
2025-05-20 13:06:01,980 - pyswarms.single.global_best - INFO - Optimization finished | best cost: -2.8088240793775725, best pos: [0.12297291 0.11698187 0.96730181 0.97868246 0.08497415 0.84749463]
2025-05-20 13:13:52,652 - pyswarms.single.global_best - INFO - Optimize for 1000 iters with {'c1': 0.5, 'c2': 0.3, 'w': 0.9}
2025-05-20 13:13:53,119 - pyswarms.single.global_best - INFO - Optimization finished | best cost: -2.8143016390542224, best pos: [0.87749037 0.77493655 0.95823307 0.99670114 0.16880944 0.37344527]
2025-05-20 13:15:39,658 - pyswarms.single.global_best - INFO - Optimize for 1000 iters with {'c1': 0.5, 'c2': 0.3, 'w': 0.9}
2025-05-20 13:15:40,133 - pyswarms.single.global_best - INFO - Optimization finished | best cost: -2.8282051364333594, best pos: [0.54215674 0.52156279 0.98568288 0.99426321 0.3446065  0.19451407]
2025-06-04 14:48:23,222 - pyswarms.single.global_best - INFO - Optimize for 80 iters with {'c1': 2.5, 'c2': 2.5, 'w': 0.7}
2025-06-04 14:48:29,611 - pyswarms.single.global_best - INFO - Optimize for 100 iters with {'c1': 2.5, 'c2': 2.5, 'w': 0.7}
2025-06-04 14:48:31,297 - pyswarms.single.global_best - INFO - Optimization finished | best cost: 0.0, best pos: [ 1.6501506   0.27707776 -1.09185943 -1.05117647  1.32463421  1.62535896
 -0.74402986  0.31672904  0.55613989  1.83581125 -0.79920152 -1.22114958
  0.51983619  1.75442005 -1.4301855   1.12573724  1.73952972  0.99643117
 -0.4131568  -1.19461789  0.43471587  1.26156955  0.69912973 -0.42914219
  0.78858785 -0.27729004 -1.57350658  0.05946661 -0.74761284  1.15815894
  1.88523389 -0.40627386  1.88754329 -0.2899866   1.53103923  0.20017215
  1.47618689 -0.02141188 -1.37255992  0.44370888 -0.34670968  0.66091389
 -1.4463003   1.80442411  0.50387141 -1.56275663 -0.06677978  1.94024235
  0.51409264 -1.24840868  0.31161501  1.10810615  1.73558613 -1.29401093
  1.14165321 -0.49684232  0.64431094 -0.22395673  1.03610548 -0.21832345
 -0.74147897  1.13895809  0.37318468 -1.23896578  1.24522994]
2025-06-04 14:48:31,342 - pyswarms.single.global_best - INFO - Optimize for 100 iters with {'c1': 2.5, 'c2': 2.5, 'w': 0.7}
2025-06-04 14:48:33,349 - pyswarms.single.global_best - INFO - Optimization finished | best cost: 0.0, best pos: [-0.3221918   1.02485466 -1.94822222  1.02337555 -0.13114839 -0.12219961
 -0.79074419  1.73029251  1.45435754 -1.13936369 -0.35693673  1.50236896
 -1.31806773 -1.81274764 -1.48382428  1.41853479 -1.52805744 -1.5661037
  1.79675004  1.73504709  1.12684899  1.2910607   1.07092693 -0.3832859
  1.56417511  1.84339161 -1.11829707 -1.44851236 -0.0463963  -1.90541483
 -1.41672879  1.62114066  0.19644436 -0.95216723  0.01569006  0.34116295
  0.75784206  1.39192487 -1.80012006 -0.85528096  1.53563059  1.0924994
 -0.24059805 -1.01728231  1.06850744 -0.38219618 -0.35088016 -0.60156285
 -1.51046826 -0.97739278 -1.72052955  1.63882392  0.94671241 -0.13079061
 -0.59753174  0.78712746 -0.33491482  1.99593583  1.82906935  0.46957798
  1.39388441  1.40179563 -0.6433236   1.4239997   1.58566129]
2025-06-04 14:48:33,384 - pyswarms.single.global_best - INFO - Optimize for 100 iters with {'c1': 2.5, 'c2': 2.5, 'w': 0.7}
2025-06-04 14:48:35,216 - pyswarms.single.global_best - INFO - Optimization finished | best cost: 0.0, best pos: [-0.46882426 -1.40612502 -1.53897301  1.21549351 -1.52012685  1.79850676
  1.01886148  1.74007253 -0.18638543  1.43394581 -1.15686493 -0.45211757
  0.68122675  1.94278238 -1.21755315 -1.1813401  -1.56048226  1.03440382
  0.43036277 -0.87058044 -1.84635569 -0.51628653 -0.22260741 -1.06006535
  1.13272108 -0.52748829  0.71891983 -0.30126478  1.51095511 -1.51572494
 -0.95756082 -1.98771118  0.48400681  1.81354082  1.15088401 -0.23638083
  1.49977529 -0.46165394  1.08376765 -1.4592006  -0.72928766  1.77052427
  0.36630986 -1.45420094  0.18190809 -1.8116975  -1.8025407   1.14599874
  1.94701303  1.53260287 -0.72997438 -1.95532256 -1.71726494  0.98715193
 -1.41852676 -1.01443994  0.49356136  0.39424046  0.50604092 -1.04415849
 -0.66909715  0.25248341 -0.35373043 -0.79717742  0.25628474]
